#
# There is insufficient memory for the Java Runtime Environment to continue.
# Native memory allocation (malloc) failed to allocate 32744 bytes for ChunkPool::allocate
# Possible reasons:
#   The system is out of physical RAM or swap space
#   The process is running with CompressedOops enabled, and the Java Heap may be blocking the growth of the native heap
# Possible solutions:
#   Reduce memory load on the system
#   Increase physical memory or swap space
#   Check if swap backing store is full
#   Decrease Java heap size (-Xmx/-Xms)
#   Decrease number of Java threads
#   Decrease Java thread stack sizes (-Xss)
#   Set larger code cache with -XX:ReservedCodeCacheSize=
#   JVM is running with Unscaled Compressed Oops mode in which the Java heap is
#     placed in the first 4GB address space. The Java Heap base address is the
#     maximum limit for the native heap growth. Please use -XX:HeapBaseMinAddress
#     to set the Java Heap base and to place the Java Heap above 4GB virtual address.
# This output file may be truncated or incomplete.
#
#  Out of Memory Error (allocation.cpp:272), pid=20716, tid=0x0000000000000f88
#
# JRE version: Java(TM) SE Runtime Environment (8.0_281-b09) (build 1.8.0_281-b09)
# Java VM: Java HotSpot(TM) 64-Bit Server VM (25.281-b09 mixed mode windows-amd64 compressed oops)
# Failed to write core dump. Minidumps are not enabled by default on client versions of Windows
#

---------------  T H R E A D  ---------------

Current thread (0x000001df91744000):  JavaThread "C2 CompilerThread2" daemon [_thread_in_native, id=3976, stack(0x0000007f71e00000,0x0000007f71f00000)]

Stack: [0x0000007f71e00000,0x0000007f71f00000]
Native frames: (J=compiled Java code, j=interpreted, Vv=VM code, C=native code)
V  [jvm.dll+0x32e5b9]
V  [jvm.dll+0x275012]
V  [jvm.dll+0x275cbd]
V  [jvm.dll+0x26c6f5]
V  [jvm.dll+0xd569d]
V  [jvm.dll+0xd59fc]
V  [jvm.dll+0xd554d]
V  [jvm.dll+0x4c5d1f]
V  [jvm.dll+0x4e0a2a]
V  [jvm.dll+0x437632]
V  [jvm.dll+0x4403d5]
V  [jvm.dll+0x43f795]
V  [jvm.dll+0x42a5e7]
V  [jvm.dll+0xabe9b]
V  [jvm.dll+0xaa4fb]
V  [jvm.dll+0x23d6b2]
V  [jvm.dll+0x291cbc]
C  [ucrtbase.dll+0x21bb2]
C  [KERNEL32.DLL+0x17034]
C  [ntdll.dll+0x52651]


Current CompileTask:
C2: 677364 35503       4       com.android.build.gradle.internal.scope.VariantScopeImpl::publishIntermediateArtifact (154 bytes)


---------------  P R O C E S S  ---------------

Java Threads: ( => current thread )
  0x000001df93ff2000 JavaThread "jar transforms Thread 465" [_thread_blocked, id=16564, stack(0x0000007f79800000,0x0000007f79900000)]
  0x000001df93ff5000 JavaThread "jar transforms Thread 464" [_thread_blocked, id=20140, stack(0x0000007f79700000,0x0000007f79800000)]
  0x000001df93fe8000 JavaThread "jar transforms Thread 463" [_thread_blocked, id=8080, stack(0x0000007f79600000,0x0000007f79700000)]
  0x000001df93fef000 JavaThread "jar transforms Thread 462" [_thread_blocked, id=19904, stack(0x0000007f79500000,0x0000007f79600000)]
  0x000001df93feb000 JavaThread "jar transforms Thread 461" [_thread_blocked, id=19768, stack(0x0000007f79400000,0x0000007f79500000)]
  0x000001df93fea800 JavaThread "jar transforms Thread 460" [_thread_blocked, id=9860, stack(0x0000007f79300000,0x0000007f79400000)]
  0x000001df93fee000 JavaThread "jar transforms Thread 459" [_thread_blocked, id=8356, stack(0x0000007f79200000,0x0000007f79300000)]
  0x000001df93fe9000 JavaThread "jar transforms Thread 458" [_thread_blocked, id=21228, stack(0x0000007f79100000,0x0000007f79200000)]
  0x000001df93fec000 JavaThread "jar transforms Thread 457" [_thread_blocked, id=18768, stack(0x0000007f79000000,0x0000007f79100000)]
  0x000001df93fe7800 JavaThread "jar transforms Thread 456" [_thread_blocked, id=20224, stack(0x0000007f78f00000,0x0000007f79000000)]
  0x000001df93fe9800 JavaThread "jar transforms Thread 455" [_thread_blocked, id=20388, stack(0x0000007f78e00000,0x0000007f78f00000)]
  0x000001dfa2a6a000 JavaThread "jar transforms Thread 454" [_thread_blocked, id=18984, stack(0x0000007f78d00000,0x0000007f78e00000)]
  0x000001dfa2a6c800 JavaThread "jar transforms Thread 453" [_thread_blocked, id=22244, stack(0x0000007f78c00000,0x0000007f78d00000)]
  0x000001dfa2a69800 JavaThread "jar transforms Thread 452" [_thread_blocked, id=11312, stack(0x0000007f78b00000,0x0000007f78c00000)]
  0x000001dfa2a6b800 JavaThread "jar transforms Thread 451" [_thread_blocked, id=20248, stack(0x0000007f78a00000,0x0000007f78b00000)]
  0x000001dfa2a6b000 JavaThread "jar transforms Thread 450" [_thread_blocked, id=17500, stack(0x0000007f78900000,0x0000007f78a00000)]
  0x000001dfa2a62000 JavaThread "jar transforms Thread 449" [_thread_blocked, id=22236, stack(0x0000007f78800000,0x0000007f78900000)]
  0x000001dfa2a61000 JavaThread "jar transforms Thread 448" [_thread_blocked, id=18520, stack(0x0000007f78700000,0x0000007f78800000)]
  0x000001dfa2a68000 JavaThread "jar transforms Thread 447" [_thread_blocked, id=18036, stack(0x0000007f78600000,0x0000007f78700000)]
  0x000001dfa2a60800 JavaThread "jar transforms Thread 446" [_thread_blocked, id=20424, stack(0x0000007f78500000,0x0000007f78600000)]
  0x000001dfa2a63800 JavaThread "jar transforms Thread 445" [_thread_blocked, id=20608, stack(0x0000007f78400000,0x0000007f78500000)]
  0x000001dfa2a67000 JavaThread "jar transforms Thread 444" [_thread_blocked, id=10896, stack(0x0000007f78300000,0x0000007f78400000)]
  0x000001dfa2a66800 JavaThread "jar transforms Thread 443" [_thread_blocked, id=16496, stack(0x0000007f78200000,0x0000007f78300000)]
  0x000001dfa2a65000 JavaThread "jar transforms Thread 442" [_thread_blocked, id=20552, stack(0x0000007f78100000,0x0000007f78200000)]
  0x000001dfa2a64000 JavaThread "jar transforms Thread 441" [_thread_blocked, id=18824, stack(0x0000007f78000000,0x0000007f78100000)]
  0x000001dfa2a62800 JavaThread "jar transforms Thread 440" [_thread_blocked, id=18224, stack(0x0000007f77f00000,0x0000007f78000000)]
  0x000001df9756e000 JavaThread "jar transforms Thread 439" [_thread_blocked, id=10312, stack(0x0000007f77e00000,0x0000007f77f00000)]
  0x000001df9756c800 JavaThread "jar transforms Thread 438" [_thread_blocked, id=21176, stack(0x0000007f77d00000,0x0000007f77e00000)]
  0x000001df9756b000 JavaThread "jar transforms Thread 437" [_thread_blocked, id=11600, stack(0x0000007f77c00000,0x0000007f77d00000)]
  0x000001df9756a000 JavaThread "jar transforms Thread 436" [_thread_blocked, id=15832, stack(0x0000007f77b00000,0x0000007f77c00000)]
  0x000001df9756d000 JavaThread "jar transforms Thread 435" [_thread_blocked, id=17540, stack(0x0000007f77a00000,0x0000007f77b00000)]
  0x000001df9756b800 JavaThread "jar transforms Thread 434" [_thread_blocked, id=17480, stack(0x0000007f77900000,0x0000007f77a00000)]
  0x000001df97562800 JavaThread "jar transforms Thread 433" [_thread_blocked, id=16916, stack(0x0000007f77800000,0x0000007f77900000)]
  0x000001df97569800 JavaThread "jar transforms Thread 432" [_thread_blocked, id=17584, stack(0x0000007f77700000,0x0000007f77800000)]
  0x000001df97561800 JavaThread "jar transforms Thread 431" [_thread_blocked, id=10068, stack(0x0000007f77600000,0x0000007f77700000)]
  0x000001df97568800 JavaThread "jar transforms Thread 430" [_thread_blocked, id=20560, stack(0x0000007f77500000,0x0000007f77600000)]
  0x000001df97568000 JavaThread "jar transforms Thread 429" [_thread_blocked, id=21028, stack(0x0000007f77400000,0x0000007f77500000)]
  0x000001df97561000 JavaThread "jar transforms Thread 428" [_thread_blocked, id=19804, stack(0x0000007f77300000,0x0000007f77400000)]
  0x000001df97560000 JavaThread "jar transforms Thread 427" [_thread_blocked, id=22400, stack(0x0000007f77200000,0x0000007f77300000)]
  0x000001df97567000 JavaThread "jar transforms Thread 426" [_thread_blocked, id=13560, stack(0x0000007f77100000,0x0000007f77200000)]
  0x000001df97565000 JavaThread "jar transforms Thread 425" [_thread_blocked, id=3828, stack(0x0000007f77000000,0x0000007f77100000)]
  0x000001df97563800 JavaThread "jar transforms Thread 424" [_thread_blocked, id=3424, stack(0x0000007f76f00000,0x0000007f77000000)]
  0x000001df9d779800 JavaThread "jar transforms Thread 423" [_thread_blocked, id=11632, stack(0x0000007f76e00000,0x0000007f76f00000)]
  0x000001df9d777800 JavaThread "jar transforms Thread 422" [_thread_blocked, id=268, stack(0x0000007f76d00000,0x0000007f76e00000)]
  0x000001df9d776800 JavaThread "jar transforms Thread 421" [_thread_blocked, id=19120, stack(0x0000007f76c00000,0x0000007f76d00000)]
  0x000001df9d779000 JavaThread "jar transforms Thread 420" [_thread_blocked, id=15084, stack(0x0000007f76b00000,0x0000007f76c00000)]
  0x000001df9d778000 JavaThread "jar transforms Thread 419" [_thread_blocked, id=18216, stack(0x0000007f76a00000,0x0000007f76b00000)]
  0x000001df9d774800 JavaThread "jar transforms Thread 418" [_thread_blocked, id=20124, stack(0x0000007f76900000,0x0000007f76a00000)]
  0x000001df9d776000 JavaThread "jar transforms Thread 417" [_thread_blocked, id=3400, stack(0x0000007f76800000,0x0000007f76900000)]
  0x000001df9d775000 JavaThread "jar transforms Thread 416" [_thread_blocked, id=572, stack(0x0000007f76700000,0x0000007f76800000)]
  0x000001df9d773800 JavaThread "jar transforms Thread 415" [_thread_blocked, id=20944, stack(0x0000007f76600000,0x0000007f76700000)]
  0x000001df9d77a800 JavaThread "jar transforms Thread 414" [_thread_blocked, id=19724, stack(0x0000007f76500000,0x0000007f76600000)]
  0x000001df9d76c000 JavaThread "jar transforms Thread 413" [_thread_blocked, id=9608, stack(0x0000007f76400000,0x0000007f76500000)]
  0x000001df9d76c800 JavaThread "jar transforms Thread 412" [_thread_blocked, id=2944, stack(0x0000007f76300000,0x0000007f76400000)]
  0x000001df9d773000 JavaThread "jar transforms Thread 411" [_thread_blocked, id=6236, stack(0x0000007f76200000,0x0000007f76300000)]
  0x000001df9d76b000 JavaThread "jar transforms Thread 410" [_thread_blocked, id=12984, stack(0x0000007f76100000,0x0000007f76200000)]
  0x000001df9d772000 JavaThread "jar transforms Thread 409" [_thread_blocked, id=12352, stack(0x0000007f76000000,0x0000007f76100000)]
  0x000001df9d76f000 JavaThread "jar transforms Thread 408" [_thread_blocked, id=1504, stack(0x0000007f75f00000,0x0000007f76000000)]
  0x000001df9d771000 JavaThread "jar transforms Thread 407" [_thread_blocked, id=17636, stack(0x0000007f75e00000,0x0000007f75f00000)]
  0x000001df9d76e000 JavaThread "jar transforms Thread 406" [_thread_blocked, id=8284, stack(0x0000007f75d00000,0x0000007f75e00000)]
  0x000001df99699000 JavaThread "jar transforms Thread 405" [_thread_blocked, id=14412, stack(0x0000007f75c00000,0x0000007f75d00000)]
  0x000001df99693000 JavaThread "jar transforms Thread 404" [_thread_blocked, id=1648, stack(0x0000007f75b00000,0x0000007f75c00000)]
  0x000001df99697800 JavaThread "jar transforms Thread 403" [_thread_blocked, id=4476, stack(0x0000007f75a00000,0x0000007f75b00000)]
  0x000001df99694000 JavaThread "jar transforms Thread 402" [_thread_blocked, id=14260, stack(0x0000007f75900000,0x0000007f75a00000)]
  0x000001df99697000 JavaThread "jar transforms Thread 401" [_thread_blocked, id=2740, stack(0x0000007f75800000,0x0000007f75900000)]
  0x000001df99694800 JavaThread "jar transforms Thread 400" [_thread_blocked, id=22112, stack(0x0000007f75700000,0x0000007f75800000)]
  0x000001df99696000 JavaThread "jar transforms Thread 399" [_thread_blocked, id=18940, stack(0x0000007f75600000,0x0000007f75700000)]
  0x000001df99698800 JavaThread "jar transforms Thread 398" [_thread_blocked, id=18500, stack(0x0000007f75500000,0x0000007f75600000)]
  0x000001df99692800 JavaThread "jar transforms Thread 397" [_thread_blocked, id=7140, stack(0x0000007f75400000,0x0000007f75500000)]
  0x000001df99695800 JavaThread "jar transforms Thread 396" [_thread_blocked, id=17348, stack(0x0000007f75300000,0x0000007f75400000)]
  0x000001df9968b000 JavaThread "jar transforms Thread 395" [_thread_blocked, id=20588, stack(0x0000007f75200000,0x0000007f75300000)]
  0x000001df9968b800 JavaThread "jar transforms Thread 394" [_thread_blocked, id=15244, stack(0x0000007f75100000,0x0000007f75200000)]
  0x000001df99691800 JavaThread "jar transforms Thread 393" [_thread_blocked, id=10640, stack(0x0000007f74f00000,0x0000007f75000000)]
  0x000001df9968a000 JavaThread "jar transforms Thread 392" [_thread_blocked, id=11588, stack(0x0000007f74e00000,0x0000007f74f00000)]
  0x000001df9968e800 JavaThread "jar transforms Thread 391" [_thread_blocked, id=17604, stack(0x0000007f74d00000,0x0000007f74e00000)]
  0x000001df99691000 JavaThread "jar transforms Thread 390" [_thread_blocked, id=9284, stack(0x0000007f74c00000,0x0000007f74d00000)]
  0x000001df9968e000 JavaThread "jar transforms Thread 389" [_thread_blocked, id=20972, stack(0x0000007f74b00000,0x0000007f74c00000)]
  0x000001df9968c800 JavaThread "jar transforms Thread 388" [_thread_blocked, id=8428, stack(0x0000007f74a00000,0x0000007f74b00000)]
  0x000001df99690000 JavaThread "jar transforms Thread 387" [_thread_blocked, id=19172, stack(0x0000007f74900000,0x0000007f74a00000)]
  0x000001df9968f800 JavaThread "jar transforms Thread 386" [_thread_blocked, id=14104, stack(0x0000007f74800000,0x0000007f74900000)]
  0x000001df9d403800 JavaThread "jar transforms Thread 385" [_thread_blocked, id=504, stack(0x0000007f74700000,0x0000007f74800000)]
  0x000001df9d407800 JavaThread "jar transforms Thread 384" [_thread_blocked, id=2996, stack(0x0000007f74600000,0x0000007f74700000)]
  0x000001df9d406000 JavaThread "jar transforms Thread 383" [_thread_blocked, id=18276, stack(0x0000007f74500000,0x0000007f74600000)]
  0x000001df9d409000 JavaThread "jar transforms Thread 382" [_thread_blocked, id=436, stack(0x0000007f74400000,0x0000007f74500000)]
  0x000001df9d408000 JavaThread "jar transforms Thread 381" [_thread_blocked, id=19296, stack(0x0000007f74300000,0x0000007f74400000)]
  0x000001df9d405000 JavaThread "jar transforms Thread 380" [_thread_blocked, id=18060, stack(0x0000007f74200000,0x0000007f74300000)]
  0x000001df9d404800 JavaThread "jar transforms Thread 379" [_thread_blocked, id=7756, stack(0x0000007f74100000,0x0000007f74200000)]
  0x000001df9d409800 JavaThread "jar transforms Thread 378" [_thread_blocked, id=15452, stack(0x0000007f74000000,0x0000007f74100000)]
  0x000001df9d3fc000 JavaThread "jar transforms Thread 377" [_thread_blocked, id=13480, stack(0x0000007f73f00000,0x0000007f74000000)]
  0x000001df9d403000 JavaThread "jar transforms Thread 376" [_thread_blocked, id=19880, stack(0x0000007f73e00000,0x0000007f73f00000)]
  0x000001df9d402000 JavaThread "jar transforms Thread 375" [_thread_blocked, id=16308, stack(0x0000007f73d00000,0x0000007f73e00000)]
  0x000001df9d3fa800 JavaThread "jar transforms Thread 374" [_thread_blocked, id=18900, stack(0x0000007f73c00000,0x0000007f73d00000)]
  0x000001df9d3fd800 JavaThread "jar transforms Thread 373" [_thread_blocked, id=17796, stack(0x0000007f73b00000,0x0000007f73c00000)]
  0x000001df9d401800 JavaThread "Build operations Thread 8" [_thread_blocked, id=1108, stack(0x0000007f73a00000,0x0000007f73b00000)]
  0x000001df9d400000 JavaThread "Build operations Thread 7" [_thread_blocked, id=2640, stack(0x0000007f73900000,0x0000007f73a00000)]
  0x000001df9d3fd000 JavaThread "Build operations Thread 6" [_thread_blocked, id=9088, stack(0x0000007f73800000,0x0000007f73900000)]
  0x000001df9d3fb800 JavaThread "Build operations Thread 5" [_thread_blocked, id=4324, stack(0x0000007f73600000,0x0000007f73700000)]
  0x000001df9d3fe800 JavaThread "Build operations Thread 4" [_thread_blocked, id=20680, stack(0x0000007f73400000,0x0000007f73500000)]
  0x000001df9d3ff000 JavaThread "Build operations Thread 3" [_thread_blocked, id=9040, stack(0x0000007f73300000,0x0000007f73400000)]
  0x000001df9d400800 JavaThread "Build operations Thread 2" [_thread_blocked, id=2656, stack(0x0000007f73200000,0x0000007f73300000)]
  0x000001df93687800 JavaThread "Build operations" [_thread_blocked, id=3324, stack(0x0000007f73100000,0x0000007f73200000)]
  0x000001df93686000 JavaThread "Cache worker for Build Output Cleanup Cache (E:\Gharbaar\android\.gradle\buildOutputCleanup)" [_thread_blocked, id=17804, stack(0x0000007f72d00000,0x0000007f72e00000)]
  0x000001df93684800 JavaThread "Cache worker for cache directory md-rule (C:\Users\ubaid\.gradle\caches\6.7\md-rule)" [_thread_blocked, id=13444, stack(0x0000007f72c00000,0x0000007f72d00000)]
  0x000001df93686800 JavaThread "Cache worker for cache directory md-supplier (C:\Users\ubaid\.gradle\caches\6.7\md-supplier)" [_thread_blocked, id=16788, stack(0x0000007f72b00000,0x0000007f72c00000)]
  0x000001df93683800 JavaThread "Cache worker for checksums cache (E:\Gharbaar\android\.gradle\checksums)" [_thread_blocked, id=15800, stack(0x0000007f72a00000,0x0000007f72b00000)]
  0x000001df93682000 JavaThread "Cache worker for file hash cache (E:\Gharbaar\android\.gradle\6.7\fileHashes)" [_thread_blocked, id=16012, stack(0x0000007f72900000,0x0000007f72a00000)]
  0x000001df93680800 JavaThread "Thread-535" [_thread_blocked, id=18336, stack(0x0000007f72800000,0x0000007f72900000)]
  0x000001df93679000 JavaThread "Stdin handler" [_thread_blocked, id=9528, stack(0x0000007f72700000,0x0000007f72800000)]
  0x000001df9367f000 JavaThread "Asynchronous log dispatcher for DefaultDaemonConnection: socket connection from /127.0.0.1:50801 to /127.0.0.1:53733" [_thread_blocked, id=7108, stack(0x0000007f72400000,0x0000007f72500000)]
  0x000001df9367d000 JavaThread "Daemon worker Thread 4" [_thread_in_Java, id=21756, stack(0x0000007f72300000,0x0000007f72400000)]
  0x000001df9367b800 JavaThread "Cancel handler" [_thread_blocked, id=11324, stack(0x0000007f70d00000,0x0000007f70e00000)]
  0x000001df9367e800 JavaThread "Handler for socket connection from /127.0.0.1:50801 to /127.0.0.1:53733" [_thread_in_native, id=14124, stack(0x0000007f70c00000,0x0000007f70d00000)]
  0x000001df9367c000 JavaThread "Daemon Thread 4" [_thread_blocked, id=6472, stack(0x0000007f70b00000,0x0000007f70c00000)]
  0x000001dfa2a6f800 JavaThread "Device List Monitor" [_thread_in_native, id=7384, stack(0x0000007f7b500000,0x0000007f7b600000)]
  0x000001dfa2a6e800 JavaThread "JdwpProxyConnection" [_thread_in_native, id=17900, stack(0x0000007f7b400000,0x0000007f7b500000)]
  0x000001dfa2a6e000 JavaThread "Monitor" [_thread_in_native, id=21308, stack(0x0000007f7b300000,0x0000007f7b400000)]
  0x000001df935bd000 JavaThread "Cache worker for Java compile cache (C:\Users\ubaid\.gradle\caches\6.7\javaCompile)" [_thread_blocked, id=21532, stack(0x0000007f75000000,0x0000007f75100000)]
  0x000001df9367a800 JavaThread "Memory manager" [_thread_blocked, id=20996, stack(0x0000007f79d00000,0x0000007f79e00000)]
  0x000001df93fed800 JavaThread "Cache worker for file content cache (C:\Users\ubaid\.gradle\caches\6.7\fileContent)" [_thread_blocked, id=20916, stack(0x0000007f73700000,0x0000007f73800000)]
  0x000001df92e82000 JavaThread "Cache worker for execution history cache (C:\Users\ubaid\.gradle\caches\6.7\executionHistory)" [_thread_blocked, id=19080, stack(0x0000007f73500000,0x0000007f73600000)]
  0x000001df92e85000 JavaThread "Cache worker for journal cache (C:\Users\ubaid\.gradle\caches\journal-1)" [_thread_blocked, id=20004, stack(0x0000007f73000000,0x0000007f73100000)]
  0x000001df92e84000 JavaThread "File lock request listener" [_thread_in_native, id=18640, stack(0x0000007f72f00000,0x0000007f73000000)]
  0x000001df92e87000 JavaThread "Cache worker for file hash cache (C:\Users\ubaid\.gradle\caches\6.7\fileHashes)" [_thread_blocked, id=7468, stack(0x0000007f72e00000,0x0000007f72f00000)]
  0x000001df948eb000 JavaThread "Daemon periodic checks" [_thread_blocked, id=15920, stack(0x0000007f72600000,0x0000007f72700000)]
  0x000001df948e7800 JavaThread "Incoming local TCP Connector on port 50801" [_thread_in_native, id=17608, stack(0x0000007f72500000,0x0000007f72600000)]
  0x000001df9483d000 JavaThread "Daemon health stats" [_thread_blocked, id=18532, stack(0x0000007f72200000,0x0000007f72300000)]
  0x000001df92af8800 JavaThread "Service Thread" daemon [_thread_blocked, id=3520, stack(0x0000007f72000000,0x0000007f72100000)]
  0x000001df91746800 JavaThread "C1 CompilerThread3" daemon [_thread_blocked, id=12456, stack(0x0000007f71f00000,0x0000007f72000000)]
=>0x000001df91744000 JavaThread "C2 CompilerThread2" daemon [_thread_in_native, id=3976, stack(0x0000007f71e00000,0x0000007f71f00000)]
  0x000001df91739000 JavaThread "C2 CompilerThread1" daemon [_thread_in_native, id=6028, stack(0x0000007f71d00000,0x0000007f71e00000)]
  0x000001df91735000 JavaThread "C2 CompilerThread0" daemon [_thread_in_native, id=9044, stack(0x0000007f71c00000,0x0000007f71d00000)]
  0x000001df91732000 JavaThread "Attach Listener" daemon [_thread_blocked, id=18852, stack(0x0000007f71b00000,0x0000007f71c00000)]
  0x000001df91731800 JavaThread "Signal Dispatcher" daemon [_thread_blocked, id=18112, stack(0x0000007f71a00000,0x0000007f71b00000)]
  0x000001df9170b000 JavaThread "Finalizer" daemon [_thread_blocked, id=18636, stack(0x0000007f71900000,0x0000007f71a00000)]
  0x000001df90b08000 JavaThread "Reference Handler" daemon [_thread_blocked, id=19472, stack(0x0000007f71800000,0x0000007f71900000)]
  0x000001dffe0f6000 JavaThread "main" [_thread_blocked, id=20940, stack(0x0000007f70e00000,0x0000007f70f00000)]

Other Threads:
  0x000001df916e2000 VMThread [stack: 0x0000007f71700000,0x0000007f71800000] [id=20312]
  0x000001df92b0b800 WatcherThread [stack: 0x0000007f72100000,0x0000007f72200000] [id=10608]

VM state:not at safepoint (normal execution)

VM Mutex/Monitor currently owned by a thread: None

heap address: 0x00000000e0000000, size: 512 MB, Compressed Oops mode: 32-bit
Narrow klass base: 0x0000000000000000, Narrow klass shift: 3
Compressed class space size: 1073741824 Address: 0x0000000100000000

Heap:
 PSYoungGen      total 126976K, used 82527K [0x00000000f5580000, 0x00000000fff80000, 0x0000000100000000)
  eden space 82432K, 99% used [0x00000000f5580000,0x00000000fa564770,0x00000000fa600000)
  from space 44544K, 1% used [0x00000000fa600000,0x00000000fa6c8000,0x00000000fd180000)
  to   space 43520K, 0% used [0x00000000fd500000,0x00000000fd500000,0x00000000fff80000)
 ParOldGen       total 349696K, used 227517K [0x00000000e0000000, 0x00000000f5580000, 0x00000000f5580000)
  object space 349696K, 65% used [0x00000000e0000000,0x00000000ede2f5f8,0x00000000f5580000)
 Metaspace       used 121037K, capacity 130348K, committed 130432K, reserved 1163264K
  class space    used 15609K, capacity 17471K, committed 17536K, reserved 1048576K

Card table byte_map: [0x000001df8f000000,0x000001df8f110000] byte_map_base: 0x000001df8e900000

Marking Bits: (ParMarkBitMap*) 0x0000000059bd6ff0
 Begin Bits: [0x000001df8f110000, 0x000001df8f910000)
 End Bits:   [0x000001df8f910000, 0x000001df90110000)

Polling page: 0x000001dffe2c0000

CodeCache: size=245760Kb used=100452Kb max_used=100452Kb free=145307Kb
 bounds [0x000001df80000000, 0x000001df862a0000, 0x000001df8f000000]
 total_blobs=27947 nmethods=26977 adapters=878
 compilation: enabled

Compilation events (10 events):
Event: 677.320 Thread 0x000001df91746800 35546       3       com.android.build.gradle.internal.api.DefaultAndroidSourceSet::getPackageConfigurationName (21 bytes)
Event: 677.321 Thread 0x000001df91746800 nmethod 35546 0x000001df86297310 code [0x000001df862974e0, 0x000001df86297aa0]
Event: 677.321 Thread 0x000001df91746800 35547       3       com.android.build.gradle.internal.api.DefaultAndroidSourceSet_Decorated::getProvidedConfigurationName (40 bytes)
Event: 677.322 Thread 0x000001df91746800 nmethod 35547 0x000001df86297d10 code [0x000001df86297ee0, 0x000001df862985d0]
Event: 677.322 Thread 0x000001df91746800 35548       1       com.android.repository.Revision::getMinor (5 bytes)
Event: 677.322 Thread 0x000001df91746800 nmethod 35548 0x000001df86298890 code [0x000001df862989e0, 0x000001df86298af8]
Event: 677.322 Thread 0x000001df91746800 35549       1       com.android.repository.Revision::getMicro (5 bytes)
Event: 677.322 Thread 0x000001df91746800 nmethod 35549 0x000001df86298b50 code [0x000001df86298ca0, 0x000001df86298db8]
Event: 677.328 Thread 0x000001df91746800 35553       3       org.gradle.api.internal.tasks.DefaultRealizableTaskCollection::<init> (78 bytes)
Event: 677.329 Thread 0x000001df91746800 nmethod 35553 0x000001df86298e10 code [0x000001df86298f80, 0x000001df862992d8]

GC Heap History (10 events):
Event: 500.844 GC heap before
{Heap before GC invocations=185 (full 8):
 PSYoungGen      total 113664K, used 85472K [0x00000000f5580000, 0x00000000ff880000, 0x0000000100000000)
  eden space 70656K, 100% used [0x00000000f5580000,0x00000000f9a80000,0x00000000f9a80000)
  from space 43008K, 34% used [0x00000000fce80000,0x00000000fdcf8020,0x00000000ff880000)
  to   space 48128K, 0% used [0x00000000f9a80000,0x00000000f9a80000,0x00000000fc980000)
 ParOldGen       total 349696K, used 202537K [0x00000000e0000000, 0x00000000f5580000, 0x00000000f5580000)
  object space 349696K, 57% used [0x00000000e0000000,0x00000000ec5ca608,0x00000000f5580000)
 Metaspace       used 120825K, capacity 130194K, committed 130432K, reserved 1163264K
  class space    used 15603K, capacity 17470K, committed 17536K, reserved 1048576K
Event: 500.859 GC heap after
Heap after GC invocations=185 (full 8):
 PSYoungGen      total 118784K, used 2080K [0x00000000f5580000, 0x0000000100000000, 0x0000000100000000)
  eden space 70656K, 0% used [0x00000000f5580000,0x00000000f5580000,0x00000000f9a80000)
  from space 48128K, 4% used [0x00000000f9a80000,0x00000000f9c88000,0x00000000fc980000)
  to   space 47616K, 0% used [0x00000000fd180000,0x00000000fd180000,0x0000000100000000)
 ParOldGen       total 349696K, used 216889K [0x00000000e0000000, 0x00000000f5580000, 0x00000000f5580000)
  object space 349696K, 62% used [0x00000000e0000000,0x00000000ed3ce598,0x00000000f5580000)
 Metaspace       used 120825K, capacity 130194K, committed 130432K, reserved 1163264K
  class space    used 15603K, capacity 17470K, committed 17536K, reserved 1048576K
}
Event: 501.445 GC heap before
{Heap before GC invocations=186 (full 8):
 PSYoungGen      total 118784K, used 72736K [0x00000000f5580000, 0x0000000100000000, 0x0000000100000000)
  eden space 70656K, 100% used [0x00000000f5580000,0x00000000f9a80000,0x00000000f9a80000)
  from space 48128K, 4% used [0x00000000f9a80000,0x00000000f9c88000,0x00000000fc980000)
  to   space 47616K, 0% used [0x00000000fd180000,0x00000000fd180000,0x0000000100000000)
 ParOldGen       total 349696K, used 216889K [0x00000000e0000000, 0x00000000f5580000, 0x00000000f5580000)
  object space 349696K, 62% used [0x00000000e0000000,0x00000000ed3ce598,0x00000000f5580000)
 Metaspace       used 120847K, capacity 130194K, committed 130432K, reserved 1163264K
  class space    used 15606K, capacity 17470K, committed 17536K, reserved 1048576K
Event: 501.456 GC heap after
Heap after GC invocations=186 (full 8):
 PSYoungGen      total 123904K, used 6400K [0x00000000f5580000, 0x00000000ffd80000, 0x0000000100000000)
  eden space 78848K, 0% used [0x00000000f5580000,0x00000000f5580000,0x00000000fa280000)
  from space 45056K, 14% used [0x00000000fd180000,0x00000000fd7c0000,0x00000000ffd80000)
  to   space 46592K, 0% used [0x00000000fa280000,0x00000000fa280000,0x00000000fd000000)
 ParOldGen       total 349696K, used 218617K [0x00000000e0000000, 0x00000000f5580000, 0x00000000f5580000)
  object space 349696K, 62% used [0x00000000e0000000,0x00000000ed57e5a8,0x00000000f5580000)
 Metaspace       used 120847K, capacity 130194K, committed 130432K, reserved 1163264K
  class space    used 15606K, capacity 17470K, committed 17536K, reserved 1048576K
}
Event: 502.075 GC heap before
{Heap before GC invocations=187 (full 8):
 PSYoungGen      total 123904K, used 85248K [0x00000000f5580000, 0x00000000ffd80000, 0x0000000100000000)
  eden space 78848K, 100% used [0x00000000f5580000,0x00000000fa280000,0x00000000fa280000)
  from space 45056K, 14% used [0x00000000fd180000,0x00000000fd7c0000,0x00000000ffd80000)
  to   space 46592K, 0% used [0x00000000fa280000,0x00000000fa280000,0x00000000fd000000)
 ParOldGen       total 349696K, used 218617K [0x00000000e0000000, 0x00000000f5580000, 0x00000000f5580000)
  object space 349696K, 62% used [0x00000000e0000000,0x00000000ed57e5a8,0x00000000f5580000)
 Metaspace       used 120879K, capacity 130262K, committed 130432K, reserved 1163264K
  class space    used 15607K, capacity 17470K, committed 17536K, reserved 1048576K
Event: 502.091 GC heap after
Heap after GC invocations=187 (full 8):
 PSYoungGen      total 125440K, used 2944K [0x00000000f5580000, 0x00000000fff80000, 0x0000000100000000)
  eden space 78848K, 0% used [0x00000000f5580000,0x00000000f5580000,0x00000000fa280000)
  from space 46592K, 6% used [0x00000000fa280000,0x00000000fa560000,0x00000000fd000000)
  to   space 45568K, 0% used [0x00000000fd300000,0x00000000fd300000,0x00000000fff80000)
 ParOldGen       total 349696K, used 224769K [0x00000000e0000000, 0x00000000f5580000, 0x00000000f5580000)
  object space 349696K, 64% used [0x00000000e0000000,0x00000000edb805b8,0x00000000f5580000)
 Metaspace       used 120879K, capacity 130262K, committed 130432K, reserved 1163264K
  class space    used 15607K, capacity 17470K, committed 17536K, reserved 1048576K
}
Event: 502.373 GC heap before
{Heap before GC invocations=188 (full 8):
 PSYoungGen      total 125440K, used 81792K [0x00000000f5580000, 0x00000000fff80000, 0x0000000100000000)
  eden space 78848K, 100% used [0x00000000f5580000,0x00000000fa280000,0x00000000fa280000)
  from space 46592K, 6% used [0x00000000fa280000,0x00000000fa560000,0x00000000fd000000)
  to   space 45568K, 0% used [0x00000000fd300000,0x00000000fd300000,0x00000000fff80000)
 ParOldGen       total 349696K, used 224769K [0x00000000e0000000, 0x00000000f5580000, 0x00000000f5580000)
  object space 349696K, 64% used [0x00000000e0000000,0x00000000edb805b8,0x00000000f5580000)
 Metaspace       used 120880K, capacity 130262K, committed 130432K, reserved 1163264K
  class space    used 15607K, capacity 17470K, committed 17536K, reserved 1048576K
Event: 502.382 GC heap after
Heap after GC invocations=188 (full 8):
 PSYoungGen      total 125440K, used 1152K [0x00000000f5580000, 0x00000000ffd00000, 0x0000000100000000)
  eden space 82432K, 0% used [0x00000000f5580000,0x00000000f5580000,0x00000000fa600000)
  from space 43008K, 2% used [0x00000000fd300000,0x00000000fd420000,0x00000000ffd00000)
  to   space 44544K, 0% used [0x00000000fa600000,0x00000000fa600000,0x00000000fd180000)
 ParOldGen       total 349696K, used 227229K [0x00000000e0000000, 0x00000000f5580000, 0x00000000f5580000)
  object space 349696K, 64% used [0x00000000e0000000,0x00000000edde75f8,0x00000000f5580000)
 Metaspace       used 120880K, capacity 130262K, committed 130432K, reserved 1163264K
  class space    used 15607K, capacity 17470K, committed 17536K, reserved 1048576K
}
Event: 523.683 GC heap before
{Heap before GC invocations=189 (full 8):
 PSYoungGen      total 125440K, used 83579K [0x00000000f5580000, 0x00000000ffd00000, 0x0000000100000000)
  eden space 82432K, 99% used [0x00000000f5580000,0x00000000fa5fec28,0x00000000fa600000)
  from space 43008K, 2% used [0x00000000fd300000,0x00000000fd420000,0x00000000ffd00000)
  to   space 44544K, 0% used [0x00000000fa600000,0x00000000fa600000,0x00000000fd180000)
 ParOldGen       total 349696K, used 227229K [0x00000000e0000000, 0x00000000f5580000, 0x00000000f5580000)
  object space 349696K, 64% used [0x00000000e0000000,0x00000000edde75f8,0x00000000f5580000)
 Metaspace       used 120889K, capacity 130268K, committed 130432K, reserved 1163264K
  class space    used 15608K, capacity 17471K, committed 17536K, reserved 1048576K
Event: 523.689 GC heap after
Heap after GC invocations=189 (full 8):
 PSYoungGen      total 126976K, used 800K [0x00000000f5580000, 0x00000000fff80000, 0x0000000100000000)
  eden space 82432K, 0% used [0x00000000f5580000,0x00000000f5580000,0x00000000fa600000)
  from space 44544K, 1% used [0x00000000fa600000,0x00000000fa6c8000,0x00000000fd180000)
  to   space 43520K, 0% used [0x00000000fd500000,0x00000000fd500000,0x00000000fff80000)
 ParOldGen       total 349696K, used 227517K [0x00000000e0000000, 0x00000000f5580000, 0x00000000f5580000)
  object space 349696K, 65% used [0x00000000e0000000,0x00000000ede2f5f8,0x00000000f5580000)
 Metaspace       used 120889K, capacity 130268K, committed 130432K, reserved 1163264K
  class space    used 15608K, capacity 17471K, committed 17536K, reserved 1048576K
}

Deoptimization events (10 events):
Event: 500.005 Thread 0x000001df93679000 Uncommon trap: reason=class_check action=maybe_recompile pc=0x000001df8019a350 method=org.gradle.internal.component.model.DependencyMetadataRules$$Lambda$694/1767897245.isSatisfiedBy(Ljava/lang/Object;)Z @ 4
Event: 501.519 Thread 0x000001df9d3fe800 Uncommon trap: reason=class_check action=maybe_recompile pc=0x000001df8269b60c method=com.google.common.cache.LocalCache$Segment.get(Ljava/lang/Object;ILcom/google/common/cache/CacheLoader;)Ljava/lang/Object; @ 108
Event: 501.519 Thread 0x000001df9d3fe800 Uncommon trap: reason=class_check action=maybe_recompile pc=0x000001df828afa80 method=com.google.common.cache.LocalCache$Segment.lockedGetOrLoad(Ljava/lang/Object;ILcom/google/common/cache/CacheLoader;)Ljava/lang/Object; @ 129
Event: 502.013 Thread 0x000001df9367b800 Uncommon trap: reason=bimorphic action=maybe_recompile pc=0x000001df80e14eec method=org.gradle.internal.snapshot.impl.DefaultValueSnapshotter.processValue(Ljava/lang/Object;Lorg/gradle/internal/snapshot/impl/DefaultValueSnapshotter$ValueVisitor;)Ljava/lan
Event: 502.687 Thread 0x000001df93680800 Uncommon trap: reason=class_check action=maybe_recompile pc=0x000001df80e15498 method=org.gradle.internal.snapshot.impl.DefaultValueSnapshotter.processValue(Ljava/lang/Object;Lorg/gradle/internal/snapshot/impl/DefaultValueSnapshotter$ValueVisitor;)Ljava/l
Event: 502.700 Thread 0x000001df93680800 Uncommon trap: reason=array_check action=maybe_recompile pc=0x000001df85fe7424 method=com.google.common.collect.ImmutableList.copyIntoArray([Ljava/lang/Object;I)I @ 25
Event: 502.805 Thread 0x000001df93680800 Uncommon trap: reason=class_check action=maybe_recompile pc=0x000001df836ad5b8 method=com.google.common.collect.Lists.newArrayList(Ljava/lang/Iterable;)Ljava/util/ArrayList; @ 27
Event: 668.980 Thread 0x000001df9367d000 Uncommon trap: reason=class_check action=maybe_recompile pc=0x000001df82c3aa40 method=org.gradle.internal.work.DefaultWorkerLeaseService$DefaultWorkerLease.acquireLock()Z @ 4
Event: 672.851 Thread 0x000001df9367d000 Uncommon trap: reason=bimorphic action=maybe_recompile pc=0x000001df820bf404 method=org.gradle.internal.metaobject.BeanDynamicObject$MetaClassAdapter.getProperty(Ljava/lang/String;)Lorg/gradle/internal/metaobject/DynamicInvokeResult; @ 126
Event: 677.122 Thread 0x000001df9367d000 Uncommon trap: reason=class_check action=maybe_recompile pc=0x000001df832eb11c method=com.google.common.collect.ImmutableMultimap$Builder.put(Ljava/lang/Object;Ljava/lang/Object;)Lcom/google/common/collect/ImmutableMultimap$Builder; @ 29

Classes redefined (0 events):
No events

Internal exceptions (10 events):
Event: 501.939 Thread 0x000001df9367e800 Exception <a 'sun/nio/fs/WindowsException'> (0x00000000f8cc52c0) thrown at [C:\jenkins\workspace\8-2-build-windows-amd64-cygwin\jdk8u281\880\hotspot\src\share\vm\prims\jni.cpp, line 710]
Event: 501.939 Thread 0x000001df9367e800 Exception <a 'sun/nio/fs/WindowsException'> (0x00000000f8cc67a8) thrown at [C:\jenkins\workspace\8-2-build-windows-amd64-cygwin\jdk8u281\880\hotspot\src\share\vm\prims\jni.cpp, line 710]
Event: 501.939 Thread 0x000001df9367e800 Exception <a 'sun/nio/fs/WindowsException'> (0x00000000f8cc91e0) thrown at [C:\jenkins\workspace\8-2-build-windows-amd64-cygwin\jdk8u281\880\hotspot\src\share\vm\prims\jni.cpp, line 710]
Event: 501.939 Thread 0x000001df9367e800 Exception <a 'sun/nio/fs/WindowsException'> (0x00000000f8cca730) thrown at [C:\jenkins\workspace\8-2-build-windows-amd64-cygwin\jdk8u281\880\hotspot\src\share\vm\prims\jni.cpp, line 710]
Event: 501.965 Thread 0x000001df9367e800 Exception <a 'sun/nio/fs/WindowsException'> (0x00000000f930e448) thrown at [C:\jenkins\workspace\8-2-build-windows-amd64-cygwin\jdk8u281\880\hotspot\src\share\vm\prims\jni.cpp, line 710]
Event: 501.965 Thread 0x000001df9367e800 Exception <a 'sun/nio/fs/WindowsException'> (0x00000000f930f8f8) thrown at [C:\jenkins\workspace\8-2-build-windows-amd64-cygwin\jdk8u281\880\hotspot\src\share\vm\prims\jni.cpp, line 710]
Event: 501.966 Thread 0x000001df9367e800 Exception <a 'sun/nio/fs/WindowsException'> (0x00000000f9312148) thrown at [C:\jenkins\workspace\8-2-build-windows-amd64-cygwin\jdk8u281\880\hotspot\src\share\vm\prims\jni.cpp, line 710]
Event: 501.966 Thread 0x000001df9367e800 Exception <a 'sun/nio/fs/WindowsException'> (0x00000000f9313610) thrown at [C:\jenkins\workspace\8-2-build-windows-amd64-cygwin\jdk8u281\880\hotspot\src\share\vm\prims\jni.cpp, line 710]
Event: 502.060 Thread 0x000001df9367b800 Exception <a 'sun/nio/fs/WindowsException'> (0x00000000fa0347a0) thrown at [C:\jenkins\workspace\8-2-build-windows-amd64-cygwin\jdk8u281\880\hotspot\src\share\vm\prims\jni.cpp, line 710]
Event: 502.060 Thread 0x000001df9367b800 Exception <a 'sun/nio/fs/WindowsException'> (0x00000000fa035880) thrown at [C:\jenkins\workspace\8-2-build-windows-amd64-cygwin\jdk8u281\880\hotspot\src\share\vm\prims\jni.cpp, line 710]

Events (10 events):
Event: 677.122 Thread 0x000001df9367d000 DEOPT PACKING pc=0x000001df832eb11c sp=0x0000007f723fb000
Event: 677.122 Thread 0x000001df9367d000 DEOPT UNPACKING pc=0x000001df80045843 sp=0x0000007f723faff0 mode 2
Event: 677.134 Thread 0x000001df9367d000 DEOPT PACKING pc=0x000001df802e34cb sp=0x0000007f723f9920
Event: 677.134 Thread 0x000001df9367d000 DEOPT UNPACKING pc=0x000001df80047898 sp=0x0000007f723f9638 mode 0
Event: 677.147 Executing VM operation: RevokeBias
Event: 677.147 Executing VM operation: RevokeBias done
Event: 677.267 Thread 0x000001df9367d000 DEOPT PACKING pc=0x000001df81907a00 sp=0x0000007f723fa8e0
Event: 677.267 Thread 0x000001df9367d000 DEOPT UNPACKING pc=0x000001df80047898 sp=0x0000007f723fa588 mode 0
Event: 677.295 Executing VM operation: RevokeBias
Event: 677.296 Executing VM operation: RevokeBias done


Dynamic libraries:
0x00007ff6d1df0000 - 0x00007ff6d1e37000 	C:\Program Files\Java\jdk1.8.0_281\bin\java.exe
0x00007ffc1cc30000 - 0x00007ffc1ce25000 	C:\WINDOWS\SYSTEM32\ntdll.dll
0x00007ffc1b8a0000 - 0x00007ffc1b95d000 	C:\WINDOWS\System32\KERNEL32.DLL
0x00007ffc1a7b0000 - 0x00007ffc1aa78000 	C:\WINDOWS\System32\KERNELBASE.dll
0x00007ffc1add0000 - 0x00007ffc1ae7c000 	C:\WINDOWS\System32\ADVAPI32.dll
0x00007ffc1bf00000 - 0x00007ffc1bf9e000 	C:\WINDOWS\System32\msvcrt.dll
0x00007ffc1b0b0000 - 0x00007ffc1b14b000 	C:\WINDOWS\System32\sechost.dll
0x00007ffc1b260000 - 0x00007ffc1b38b000 	C:\WINDOWS\System32\RPCRT4.dll
0x00007ffc1b3a0000 - 0x00007ffc1b540000 	C:\WINDOWS\System32\USER32.dll
0x00007ffc1a4c0000 - 0x00007ffc1a4e2000 	C:\WINDOWS\System32\win32u.dll
0x00007ffc1b780000 - 0x00007ffc1b7aa000 	C:\WINDOWS\System32\GDI32.dll
0x00007ffc1aa80000 - 0x00007ffc1ab8b000 	C:\WINDOWS\System32\gdi32full.dll
0x00007ffc1a4f0000 - 0x00007ffc1a58d000 	C:\WINDOWS\System32\msvcp_win.dll
0x00007ffc1a370000 - 0x00007ffc1a470000 	C:\WINDOWS\System32\ucrtbase.dll
0x00007ffbf8560000 - 0x00007ffbf87fa000 	C:\WINDOWS\WinSxS\amd64_microsoft.windows.common-controls_6595b64144ccf1df_6.0.19041.1052_none_60b8f8fd71f5e8cb\COMCTL32.dll
0x00007ffc1b7b0000 - 0x00007ffc1b7e0000 	C:\WINDOWS\System32\IMM32.DLL
0x00007ffc0c2b0000 - 0x00007ffc0c2c5000 	C:\Program Files\Java\jdk1.8.0_281\jre\bin\vcruntime140.dll
0x00007ffbf49c0000 - 0x00007ffbf4a5b000 	C:\Program Files\Java\jdk1.8.0_281\jre\bin\msvcp140.dll
0x00000000593f0000 - 0x0000000059c4f000 	C:\Program Files\Java\jdk1.8.0_281\jre\bin\server\jvm.dll
0x00007ffc1b890000 - 0x00007ffc1b898000 	C:\WINDOWS\System32\PSAPI.DLL
0x00007ffc078b0000 - 0x00007ffc078b9000 	C:\WINDOWS\SYSTEM32\WSOCK32.dll
0x00007ffc0c2a0000 - 0x00007ffc0c2aa000 	C:\WINDOWS\SYSTEM32\VERSION.dll
0x00007ffbffcf0000 - 0x00007ffbffd17000 	C:\WINDOWS\SYSTEM32\WINMM.dll
0x00007ffc1b560000 - 0x00007ffc1b5cb000 	C:\WINDOWS\System32\WS2_32.dll
0x00007ffc18c40000 - 0x00007ffc18c52000 	C:\WINDOWS\SYSTEM32\kernel.appcore.dll
0x00007ffc078a0000 - 0x00007ffc078b0000 	C:\Program Files\Java\jdk1.8.0_281\jre\bin\verify.dll
0x00007ffc073b0000 - 0x00007ffc073db000 	C:\Program Files\Java\jdk1.8.0_281\jre\bin\java.dll
0x00007ffc07670000 - 0x00007ffc07688000 	C:\Program Files\Java\jdk1.8.0_281\jre\bin\zip.dll
0x00007ffc1c150000 - 0x00007ffc1c88f000 	C:\WINDOWS\System32\SHELL32.dll
0x00007ffc18080000 - 0x00007ffc18810000 	C:\WINDOWS\SYSTEM32\windows.storage.dll
0x00007ffc1c890000 - 0x00007ffc1cbe5000 	C:\WINDOWS\System32\combase.dll
0x00007ffc19d10000 - 0x00007ffc19d3c000 	C:\WINDOWS\SYSTEM32\Wldp.dll
0x00007ffc1b150000 - 0x00007ffc1b1fe000 	C:\WINDOWS\System32\SHCORE.dll
0x00007ffc1b200000 - 0x00007ffc1b255000 	C:\WINDOWS\System32\shlwapi.dll
0x00007ffc1a2b0000 - 0x00007ffc1a2cf000 	C:\WINDOWS\SYSTEM32\profapi.dll
0x00007ffc07160000 - 0x00007ffc0717c000 	C:\Program Files\Java\jdk1.8.0_281\jre\bin\net.dll
0x00007ffc19a80000 - 0x00007ffc19aea000 	C:\WINDOWS\system32\mswsock.dll
0x00007ffc070d0000 - 0x00007ffc070e3000 	C:\Program Files\Java\jdk1.8.0_281\jre\bin\nio.dll
0x00007ffc070a0000 - 0x00007ffc070c6000 	C:\Users\ubaid\.gradle\native\fdc75f09e3144964f2cf3f50f0aa648679c211496f362492102eb8c894070792\windows-amd64\native-platform.dll
0x00007ffbf0370000 - 0x00007ffbf0501000 	C:\Users\ubaid\.gradle\native\12488b8bf47d2d4c9fbf2f6322a914ad602e24e48041cd04a747c6da556b65c4\windows-amd64\native-platform-file-events.dll
0x00007ffc07750000 - 0x00007ffc0775d000 	C:\Program Files\Java\jdk1.8.0_281\jre\bin\management.dll
0x00007ffc19c50000 - 0x00007ffc19c68000 	C:\WINDOWS\SYSTEM32\CRYPTSP.dll
0x00007ffc19420000 - 0x00007ffc19454000 	C:\WINDOWS\system32\rsaenh.dll
0x00007ffc1a6f0000 - 0x00007ffc1a717000 	C:\WINDOWS\System32\bcrypt.dll
0x00007ffc1a270000 - 0x00007ffc1a29e000 	C:\WINDOWS\SYSTEM32\USERENV.dll
0x00007ffc1a720000 - 0x00007ffc1a7a3000 	C:\WINDOWS\System32\bcryptprimitives.dll
0x00007ffc19c70000 - 0x00007ffc19c7c000 	C:\WINDOWS\SYSTEM32\CRYPTBASE.dll
0x00007ffc19770000 - 0x00007ffc197ab000 	C:\WINDOWS\SYSTEM32\IPHLPAPI.DLL
0x00007ffc1c000000 - 0x00007ffc1c008000 	C:\WINDOWS\System32\NSI.dll
0x00007ffc0c280000 - 0x00007ffc0c297000 	C:\WINDOWS\SYSTEM32\dhcpcsvc6.DLL
0x00007ffc0e260000 - 0x00007ffc0e27d000 	C:\WINDOWS\SYSTEM32\dhcpcsvc.DLL
0x00007ffc197b0000 - 0x00007ffc1987c000 	C:\WINDOWS\SYSTEM32\DNSAPI.dll
0x00007ffc11680000 - 0x00007ffc1168b000 	C:\WINDOWS\SYSTEM32\WINNSI.DLL
0x00007ffc06de0000 - 0x00007ffc06e04000 	C:\Program Files\Java\jdk1.8.0_281\jre\bin\sunec.dll
0x00007ffc0e6d0000 - 0x00007ffc0e6da000 	C:\Windows\System32\rasadhlp.dll
0x00007ffc08e70000 - 0x00007ffc08eef000 	C:\WINDOWS\System32\fwpuclnt.dll
0x00007ffc07090000 - 0x00007ffc0709d000 	C:\Program Files\Java\jdk1.8.0_281\jre\bin\sunmscapi.dll
0x00007ffc1a590000 - 0x00007ffc1a6ef000 	C:\WINDOWS\System32\CRYPT32.dll
0x00007ffc19d80000 - 0x00007ffc19da7000 	C:\WINDOWS\SYSTEM32\ncrypt.dll
0x00007ffc19d40000 - 0x00007ffc19d7b000 	C:\WINDOWS\SYSTEM32\NTASN1.dll
0x00007ffc190b0000 - 0x00007ffc190e3000 	C:\WINDOWS\SYSTEM32\ntmarta.dll
0x00007ffc14720000 - 0x00007ffc147b0000 	C:\WINDOWS\system32\apphelp.dll
0x00007ffc188d0000 - 0x00007ffc18ab4000 	C:\WINDOWS\SYSTEM32\dbghelp.dll

VM Arguments:
jvm_args: -XX:MaxMetaspaceSize=256m -XX:+HeapDumpOnOutOfMemoryError -Xms256m -Xmx512m -Dfile.encoding=windows-1252 -Duser.country=US -Duser.language=en -Duser.variant 
java_command: org.gradle.launcher.daemon.bootstrap.GradleDaemon 6.7
java_class_path (initial): C:\Users\ubaid\.gradle\wrapper\dists\gradle-6.7-all\cuy9mc7upwgwgeb72wkcrupxe\gradle-6.7\lib\gradle-launcher-6.7.jar
Launcher Type: SUN_STANDARD

Environment Variables:
JAVA_HOME=C:\Program Files\Java\jdk1.8.0_281
CLASSPATH=E:\Gharbaar\android\\gradle\wrapper\gradle-wrapper.jar
PATH=E:\Gharbaar\android\node_modules\.bin;E:\Gharbaar\node_modules\.bin;E:\node_modules\.bin;C:\Program Files (x86)\nodejs;E:\Gharbaar\node_modules\.bin;C:\Program Files (x86)\Common Files\Oracle\Java\javapath;C:\WINDOWS\system32;C:\WINDOWS;C:\WINDOWS\System32\Wbem;C:\WINDOWS\System32\WindowsPowerShell\v1.0\;C:\WINDOWS\System32\OpenSSH\;C:\Program Files (x86)\nodejs\;C:\Users\ubaid\AppData\Local\Android\Sdk;C:\Users\ubaid\AppData\Local\Android\Sdk\platform-tools;C:\Users\ubaid\AppData\Roaming\npm;C:\Program Files\Java\jdk1.8.0_281bin;C:\Program Files\Git\cmd;C:\Users\ubaid\AppData\Local\Microsoft\WindowsApps;;C:\Users\ubaid\AppData\Local\Programs\Microsoft VS Code\bin;C:\Users\ubaid\AppData\Roaming\npm
USERNAME=ubaid
OS=Windows_NT
PROCESSOR_IDENTIFIER=Intel64 Family 6 Model 142 Stepping 12, GenuineIntel



---------------  S Y S T E M  ---------------

OS: Windows 10.0 , 64 bit Build 19041 (10.0.19041.1023)

CPU:total 8 (initial active 8) (4 cores per cpu, 2 threads per core) family 6 model 142 stepping 12, cmov, cx8, fxsr, mmx, sse, sse2, sse3, ssse3, sse4.1, sse4.2, popcnt, avx, avx2, aes, clmul, erms, 3dnowpref, lzcnt, ht, tsc, tscinvbit, bmi1, bmi2, adx

Memory: 4k page, physical 16556284k(1880104k free), swap 16556284k(5196k free)

vm_info: Java HotSpot(TM) 64-Bit Server VM (25.281-b09) for windows-amd64 JRE (1.8.0_281-b09), built on Dec  9 2020 13:54:07 by "" with MS VC++ 15.9 (VS2017)

time: Tue Jul  6 00:09:14 2021
timezone: Pakistan Standard Time
elapsed time: 677.380228 seconds (0d 0h 11m 17s)

